<?xml version="1.0" encoding="UTF-8"?>
<!-- Generated by org.testng.reporters.JUnitReportReporter -->
<testsuite ignored="1" hostname="DESKTOP-JEI5SMR" failures="0" tests="6" name="com.sriram.project.SeleniumTestUsingTestNG" time="71.002" errors="0" timestamp="10 Oct 2021 16:32:51 GMT" skipped="0">
  <testcase classname="com.sriram.project.SeleniumTestUsingTestNG" name="getImageNameAndCheckDuplicate" time="10.106"/>
  <testcase classname="com.sriram.project.SeleniumTestUsingTestNG" name="createBoard" time="2.740"/>
  <testcase classname="com.sriram.project.SeleniumTestUsingTestNG" name="addImageAndVerify" time="28.499"/>
  <testcase classname="com.sriram.project.SeleniumTestUsingTestNG" name="login" time="10.214"/>
  <testcase classname="com.sriram.project.SeleniumTestUsingTestNG" name="creativeTab" time="1.781"/>
  <testcase classname="com.sriram.project.SeleniumTestUsingTestNG" name="navigateAndGetTitle" time="17.662"/>
  <testcase classname="com.sriram.project.SeleniumTestUsingTestNG" name="register">
    <skipped/>
  </testcase> <!-- register -->
</testsuite> <!-- com.sriram.project.SeleniumTestUsingTestNG -->
